<test-run id="2" testcasecount="5" result="Passed" start-time="2026-03-06 07:48:34.032313" end-time="2026-03-06 07:48:34.053673" duration="0" total="5" passed="5" failed="0" inconclusive="0" skipped="0" asserts="0" clr-version="3.13.5 | packaged by Anaconda, Inc. | (main, Jun 12 2025, 11:09:21) [Clang 14.0.6 ]" engine-version="3.6.2"><command-line>/opt/anaconda3/bin/pytest -v</command-line><filter /><test-suite id="tests/test_calculator.py" name="tests/test_calculator.py" fullname="tests/test_calculator.py" methodname="" classname="" runstate="Runnable" type="Assembly" testcasecount="5" result="Passed" label="" start-time="2026-03-06 07:48:34.047479" end-time="2026-03-06 07:48:34.053545" duration="0.006066" asserts="0" total="5" passed="5" failed="0" warnings="0" inconclusive="0" skipped="0"><properties><property name="python_version" value="3.13.5 | packaged by Anaconda, Inc. | (main, Jun 12 2025, 11:09:21) [Clang 14.0.6 ]" /></properties><test-case id="100" name="tests/test_calculator.py::test_add" fullname="tests/test_calculator.py::test_add" methodname="test_add" classname="tests/test_calculator.py" runstate="Runnable" seed="1" result="Passed" label="" start-time="2026-03-06 07:48:34.047479" end-time="2026-03-06 07:48:34.048204" duration="0.000725" asserts="0"><properties><property name="python-version" value="3.13.5 | packaged by Anaconda, Inc. | (main, Jun 12 2025, 11:09:21) [Clang 14.0.6 ]" /><property name="fspath" value="tests/test_calculator.py" /></properties><environment framework-version="3.6.2" clr-version="3.13.5 | packaged by Anaconda, Inc. | (main, Jun 12 2025, 11:09:21) [Clang 14.0.6 ]" os-version="24.6.0" platform="Darwin" cwd="/Users/zaw/MyFiles/Yoobee/800/Classwork/yoobee800/Week11/activity2/Activy pytest-demo" machine-name="x86_64" user="" user-domain="" culture="en_US" uiculture="en_US" os-architecture="64bit" /><failure><message><![CDATA[]]></message><stack-trace><![CDATA[None]]></stack-trace></failure><reason><message><![CDATA[]]></message></reason><output><![CDATA[]]></output></test-case><test-case id="101" name="tests/test_calculator.py::test_subtract" fullname="tests/test_calculator.py::test_subtract" methodname="test_subtract" classname="tests/test_calculator.py" runstate="Runnable" seed="1" result="Passed" label="" start-time="2026-03-06 07:48:34.049016" end-time="2026-03-06 07:48:34.050373" duration="0.001357" asserts="0"><properties><property name="python-version" value="3.13.5 | packaged by Anaconda, Inc. | (main, Jun 12 2025, 11:09:21) [Clang 14.0.6 ]" /><property name="fspath" value="tests/test_calculator.py" /></properties><environment framework-version="3.6.2" clr-version="3.13.5 | packaged by Anaconda, Inc. | (main, Jun 12 2025, 11:09:21) [Clang 14.0.6 ]" os-version="24.6.0" platform="Darwin" cwd="/Users/zaw/MyFiles/Yoobee/800/Classwork/yoobee800/Week11/activity2/Activy pytest-demo" machine-name="x86_64" user="" user-domain="" culture="en_US" uiculture="en_US" os-architecture="64bit" /><failure><message><![CDATA[]]></message><stack-trace><![CDATA[None]]></stack-trace></failure><reason><message><![CDATA[]]></message></reason><output><![CDATA[]]></output></test-case><test-case id="102" name="tests/test_calculator.py::test_multiply" fullname="tests/test_calculator.py::test_multiply" methodname="test_multiply" classname="tests/test_calculator.py" runstate="Runnable" seed="1" result="Passed" label="" start-time="2026-03-06 07:48:34.050980" end-time="2026-03-06 07:48:34.051527" duration="0.000547" asserts="0"><properties><property name="python-version" value="3.13.5 | packaged by Anaconda, Inc. | (main, Jun 12 2025, 11:09:21) [Clang 14.0.6 ]" /><property name="fspath" value="tests/test_calculator.py" /></properties><environment framework-version="3.6.2" clr-version="3.13.5 | packaged by Anaconda, Inc. | (main, Jun 12 2025, 11:09:21) [Clang 14.0.6 ]" os-version="24.6.0" platform="Darwin" cwd="/Users/zaw/MyFiles/Yoobee/800/Classwork/yoobee800/Week11/activity2/Activy pytest-demo" machine-name="x86_64" user="" user-domain="" culture="en_US" uiculture="en_US" os-architecture="64bit" /><failure><message><![CDATA[]]></message><stack-trace><![CDATA[None]]></stack-trace></failure><reason><message><![CDATA[]]></message></reason><output><![CDATA[]]></output></test-case><test-case id="103" name="tests/test_calculator.py::test_divide" fullname="tests/test_calculator.py::test_divide" methodname="test_divide" classname="tests/test_calculator.py" runstate="Runnable" seed="1" result="Passed" label="" start-time="2026-03-06 07:48:34.051973" end-time="2026-03-06 07:48:34.052463" duration="0.00049" asserts="0"><properties><property name="python-version" value="3.13.5 | packaged by Anaconda, Inc. | (main, Jun 12 2025, 11:09:21) [Clang 14.0.6 ]" /><property name="fspath" value="tests/test_calculator.py" /></properties><environment framework-version="3.6.2" clr-version="3.13.5 | packaged by Anaconda, Inc. | (main, Jun 12 2025, 11:09:21) [Clang 14.0.6 ]" os-version="24.6.0" platform="Darwin" cwd="/Users/zaw/MyFiles/Yoobee/800/Classwork/yoobee800/Week11/activity2/Activy pytest-demo" machine-name="x86_64" user="" user-domain="" culture="en_US" uiculture="en_US" os-architecture="64bit" /><failure><message><![CDATA[]]></message><stack-trace><![CDATA[None]]></stack-trace></failure><reason><message><![CDATA[]]></message></reason><output><![CDATA[]]></output></test-case><test-case id="104" name="tests/test_calculator.py::test_divide_by_zero" fullname="tests/test_calculator.py::test_divide_by_zero" methodname="test_divide_by_zero" classname="tests/test_calculator.py" runstate="Runnable" seed="1" result="Passed" label="" start-time="2026-03-06 07:48:34.052871" end-time="2026-03-06 07:48:34.053545" duration="0.000674" asserts="0"><properties><property name="python-version" value="3.13.5 | packaged by Anaconda, Inc. | (main, Jun 12 2025, 11:09:21) [Clang 14.0.6 ]" /><property name="fspath" value="tests/test_calculator.py" /></properties><environment framework-version="3.6.2" clr-version="3.13.5 | packaged by Anaconda, Inc. | (main, Jun 12 2025, 11:09:21) [Clang 14.0.6 ]" os-version="24.6.0" platform="Darwin" cwd="/Users/zaw/MyFiles/Yoobee/800/Classwork/yoobee800/Week11/activity2/Activy pytest-demo" machine-name="x86_64" user="" user-domain="" culture="en_US" uiculture="en_US" os-architecture="64bit" /><failure><message><![CDATA[]]></message><stack-trace><![CDATA[None]]></stack-trace></failure><reason><message><![CDATA[]]></message></reason><output><![CDATA[]]></output></test-case><environment framework-version="3.6.2" clr-version="3.13.5 | packaged by Anaconda, Inc. | (main, Jun 12 2025, 11:09:21) [Clang 14.0.6 ]" os-version="24.6.0" platform="Darwin" cwd="/Users/zaw/MyFiles/Yoobee/800/Classwork/yoobee800/Week11/activity2/Activy pytest-demo" machine-name="x86_64" user="" user-domain="" culture="en_US" uiculture="en_US" os-architecture="64bit" /></test-suite></test-run>